<?xml version="1.0" encoding="UTF-8"?>
<testng-results skipped="0" failed="0" total="1" passed="1">
  <reporter-output>
    <line>
      <![CDATA[Step :: Open URL >> https://inv-pre.qa.procurenetworks.com/auth/login]]>
    </line>
    <line>
      <![CDATA[Step :: Verify Logo Image]]>
    </line>
    <line>
      <![CDATA[Step :: Verify Username field]]>
    </line>
    <line>
      <![CDATA[Step :: Verify Password Field]]>
    </line>
    <line>
      <![CDATA[Step :: Verify Login Button]]>
    </line>
    <line>
      <![CDATA[Step :: Verify Forgot Username ? Link]]>
    </line>
    <line>
      <![CDATA[Step :: Verify Forgot Password ? Link]]>
    </line>
    <line>
      <![CDATA[Step :: Enter User Name >> ADMIN]]>
    </line>
    <line>
      <![CDATA[Step :: Enter Password >> admin]]>
    </line>
    <line>
      <![CDATA[Step :: Click on Login Button]]>
    </line>
    <line>
      <![CDATA[Step :: Click on New]]>
    </line>
    <line>
      <![CDATA[Step :: Enter Asset Code >> 7770]]>
    </line>
    <line>
      <![CDATA[Step :: Enter Model Name >> fdmff]]>
    </line>
    <line>
      <![CDATA[Step :: Enter Model Code >> 96317]]>
    </line>
    <line>
      <![CDATA[Step :: Enter Serial Number >> 42965]]>
    </line>
    <line>
      <![CDATA[Step :: Click on Dropdown Arrow]]>
    </line>
    <line>
      <![CDATA[Step :: Select Advertising]]>
    </line>
    <line>
      <![CDATA[Step :: Enter Description >> rbednxxftmybfcifjqmsrkfvefrkyuufgvkfuierdiveitjijfdvcefdbdkecdbrfjvdffvyuukfxrszpcfipdccvoievscpvrcc]]>
    </line>
    <line>
      <![CDATA[Step :: Click on Dropdown Arrow]]>
    </line>
    <line>
      <![CDATA[Step :: Select Vendor]]>
    </line>
    <line>
      <![CDATA[Step :: Enter Brand >> rdnfk]]>
    </line>
    <line>
      <![CDATA[Step :: Click on Dropdown Arrow]]>
    </line>
    <line>
      <![CDATA[Step :: Select ATH]]>
    </line>
    <line>
      <![CDATA[Step :: Enter Quantity >> 48717]]>
    </line>
    <line>
      <![CDATA[Step :: Enter Cost >> 12712]]>
    </line>
    <line>
      <![CDATA[Step :: Click on Dropdown Arrow]]>
    </line>
    <line>
      <![CDATA[Step :: Select Straight Line 60 Months]]>
    </line>
    <line>
      <![CDATA[Step :: Click on Save Button]]>
    </line>
    <line>
      <![CDATA[Step :: New Asset Number]]>
    </line>
    <line>
      <![CDATA[Step :: Enter Search Keyword]]>
    </line>
    <line>
      <![CDATA[Step :: Verify Asset Code in Table]]>
    </line>
  </reporter-output>
  <suite name="ProcureNetworks" duration-ms="59952" started-at="2017-08-23T12:27:06Z" finished-at="2017-08-23T12:28:06Z">
    <groups>
    </groups>
    <test name="Verify Procure network Login" duration-ms="59952" started-at="2017-08-23T12:27:06Z" finished-at="2017-08-23T12:28:06Z">
      <class name="com.procurenetworks.verifications.ProcureNetworks">
        <test-method status="PASS" signature="fetchSuiteConfiguration(org.testng.ITestContext)[pri:0, instance:com.procurenetworks.verifications.ProcureNetworks@17cd7a0]" name="fetchSuiteConfiguration" is-config="true" duration-ms="9" started-at="2017-08-23T17:57:06Z" finished-at="2017-08-23T17:57:06Z">
          <params>
            <param index="0">
              <value>
                <![CDATA[org.testng.TestRunner@1a4ccf7]]>
              </value>
            </param>
          </params>
          <reporter-output>
          </reporter-output>
        </test-method> <!-- fetchSuiteConfiguration -->
        <test-method status="PASS" signature="setUp(java.lang.reflect.Method)[pri:0, instance:com.procurenetworks.verifications.ProcureNetworks@17cd7a0]" name="setUp" is-config="true" duration-ms="8003" started-at="2017-08-23T17:57:06Z" finished-at="2017-08-23T17:57:14Z">
          <params>
            <param index="0">
              <value>
                <![CDATA[public void com.procurenetworks.verifications.ProcureNetworks.Search_Last_Created_Asset() throws java.lang.InterruptedException,java.awt.AWTException]]>
              </value>
            </param>
          </params>
          <reporter-output>
          </reporter-output>
        </test-method> <!-- setUp -->
        <test-method status="PASS" signature="Search_Last_Created_Asset()[pri:0, instance:com.procurenetworks.verifications.ProcureNetworks@17cd7a0]" name="Search_Last_Created_Asset" duration-ms="51421" started-at="2017-08-23T17:57:14Z" finished-at="2017-08-23T17:58:05Z">
          <reporter-output>
            <line>
              <![CDATA[Step :: Open URL >> https://inv-pre.qa.procurenetworks.com/auth/login]]>
            </line>
            <line>
              <![CDATA[Step :: Verify Logo Image]]>
            </line>
            <line>
              <![CDATA[Step :: Verify Username field]]>
            </line>
            <line>
              <![CDATA[Step :: Verify Password Field]]>
            </line>
            <line>
              <![CDATA[Step :: Verify Login Button]]>
            </line>
            <line>
              <![CDATA[Step :: Verify Forgot Username ? Link]]>
            </line>
            <line>
              <![CDATA[Step :: Verify Forgot Password ? Link]]>
            </line>
            <line>
              <![CDATA[Step :: Enter User Name >> ADMIN]]>
            </line>
            <line>
              <![CDATA[Step :: Enter Password >> admin]]>
            </line>
            <line>
              <![CDATA[Step :: Click on Login Button]]>
            </line>
            <line>
              <![CDATA[Step :: Click on New]]>
            </line>
            <line>
              <![CDATA[Step :: Enter Asset Code >> 7770]]>
            </line>
            <line>
              <![CDATA[Step :: Enter Model Name >> fdmff]]>
            </line>
            <line>
              <![CDATA[Step :: Enter Model Code >> 96317]]>
            </line>
            <line>
              <![CDATA[Step :: Enter Serial Number >> 42965]]>
            </line>
            <line>
              <![CDATA[Step :: Click on Dropdown Arrow]]>
            </line>
            <line>
              <![CDATA[Step :: Select Advertising]]>
            </line>
            <line>
              <![CDATA[Step :: Enter Description >> rbednxxftmybfcifjqmsrkfvefrkyuufgvkfuierdiveitjijfdvcefdbdkecdbrfjvdffvyuukfxrszpcfipdccvoievscpvrcc]]>
            </line>
            <line>
              <![CDATA[Step :: Click on Dropdown Arrow]]>
            </line>
            <line>
              <![CDATA[Step :: Select Vendor]]>
            </line>
            <line>
              <![CDATA[Step :: Enter Brand >> rdnfk]]>
            </line>
            <line>
              <![CDATA[Step :: Click on Dropdown Arrow]]>
            </line>
            <line>
              <![CDATA[Step :: Select ATH]]>
            </line>
            <line>
              <![CDATA[Step :: Enter Quantity >> 48717]]>
            </line>
            <line>
              <![CDATA[Step :: Enter Cost >> 12712]]>
            </line>
            <line>
              <![CDATA[Step :: Click on Dropdown Arrow]]>
            </line>
            <line>
              <![CDATA[Step :: Select Straight Line 60 Months]]>
            </line>
            <line>
              <![CDATA[Step :: Click on Save Button]]>
            </line>
            <line>
              <![CDATA[Step :: New Asset Number]]>
            </line>
            <line>
              <![CDATA[Step :: Enter Search Keyword]]>
            </line>
            <line>
              <![CDATA[Step :: Verify Asset Code in Table]]>
            </line>
          </reporter-output>
        </test-method> <!-- Search_Last_Created_Asset -->
        <test-method status="PASS" signature="tearDown(org.testng.ITestResult)[pri:0, instance:com.procurenetworks.verifications.ProcureNetworks@17cd7a0]" name="tearDown" is-config="true" duration-ms="501" started-at="2017-08-23T17:58:05Z" finished-at="2017-08-23T17:58:06Z">
          <params>
            <param index="0">
              <value>
                <![CDATA[[TestResult name=Search_Last_Created_Asset status=SUCCESS method=ProcureNetworks.Search_Last_Created_Asset()[pri:0, instance:com.procurenetworks.verifications.ProcureNetworks@17cd7a0] output=Step :: Open URL >> https://inv-pre.qa.procurenetworks.com/auth/login]]]>
              </value>
            </param>
          </params>
          <reporter-output>
          </reporter-output>
        </test-method> <!-- tearDown -->
      </class> <!-- com.procurenetworks.verifications.ProcureNetworks -->
    </test> <!-- Verify Procure network Login -->
  </suite> <!-- ProcureNetworks -->
</testng-results>
